<?xml version="1.0" encoding="UTF-8"?>
<!-- Generated by org.testng.reporters.JUnitReportReporter -->
<testsuite skipped="0" hostname="Lenovo" name="com.sample.DataGetter" tests="2" failures="0" timestamp="07 Dec 2023 21:37:04 GMT" time="58.150" errors="0">
  <testcase name="get" time="33.037" classname="com.sample.DataGetter"/>
  <testcase name="get" time="25.113" classname="com.sample.DataGetter"/>
</testsuite> <!-- com.sample.DataGetter -->
