<?xml version="1.0" encoding="UTF-8"?>
<!-- Generated by org.testng.reporters.JUnitReportReporter -->
<testsuite hostname="Lenovo" failures="0" tests="2" name="com.excel1.GetExcel" time="64.772" errors="0" timestamp="06 Jun 2024 13:06:23 GMT" skipped="0">
  <testcase classname="com.excel1.GetExcel" name="getData" time="25.470"/>
  <testcase classname="com.excel1.GetExcel" name="getData" time="39.302"/>
</testsuite> <!-- com.excel1.GetExcel -->
