<?xml version="1.0" encoding="UTF-8"?>
<!-- Generated by org.testng.reporters.JUnitReportReporter -->
<testsuite hostname="Lenovo" failures="0" tests="2" name="com.sample.DProvider" time="99.592" errors="0" timestamp="03 Jun 2024 04:17:00 GMT" skipped="0">
  <testcase classname="com.sample.DProvider" name="get" time="40.788"/>
  <testcase classname="com.sample.DProvider" name="get" time="58.804"/>
</testsuite> <!-- com.sample.DProvider -->
